<?xml version="1.0" encoding="UTF-8"?>
<testsuite xmlns:xsi="http://www.w3.org/2001/XMLSchema-instance" xsi:noNamespaceSchemaLocation="https://maven.apache.org/surefire/maven-surefire-plugin/xsd/surefire-test-report.xsd" version="3.0.2" name="com.nahda.ot_services.OtServicesApplicationTests" time="15.042" tests="1" errors="0" skipped="0" failures="0">
  <properties>
[...]
</properties>
  <testcase name="contextLoads" classname="com.nahda.ot_services.OtServicesApplicationTests" time="2.847">
    <system-out><![CDATA[23:28:38.029 [main] INFO org.springframework.test.context.support.AnnotationConfigContextLoaderUtils -- Could not detect default configuration classes for test class [com.nahda.ot_services.OtServicesApplicationTests]: OtServicesApplicationTests does not declare any static, non-private, non-final, nested classes annotated with @Configuration.
23:28:38.260 [main] INFO org.springframework.boot.test.context.SpringBootTestContextBootstrapper -- Found @SpringBootConfiguration com.nahda.ot_services.OtServicesApplication for test class com.nahda.ot_services.OtServicesApplicationTests

  .   ____          _            __ _ _
 /\\ / ___'_ __ _ _(_)_ __  __ _ \ \ \ \
( ( )\___ | '_ | '_| | '_ \/ _` | \ \ \ \
 \\/  ___)| |_)| | | | | || (_| |  ) ) ) )
  '  |____| .__|_| |_|_| |_\__, | / / / /
 =========|_|==============|___/=/_/_/_/

 :: Spring Boot ::                (v3.4.1)

2025-03-16T23:28:39.735+02:00  INFO 17016 --- [ot_services] [           main] c.n.o.OtServicesApplicationTests         : Starting OtServicesApplicationTests using Java 17.0.13 with PID 17016 (started by AnasElDaou in C:\Users\AnasElDaou\OneDrive - SirenAssociates\Desktop\General\personal\Nahda\OT\ot_services)
2025-03-16T23:28:39.741+02:00  INFO 17016 --- [ot_services] [           main] c.n.o.OtServicesApplicationTests         : No active profile set, falling back to 1 default profile: "default"
2025-03-16T23:28:44.725+02:00  INFO 17016 --- [ot_services] [           main] eAuthenticationProviderManagerConfigurer : Global AuthenticationManager configured with AuthenticationProvider bean with name authenticationProvider
2025-03-16T23:28:44.727+02:00  WARN 17016 --- [ot_services] [           main] r$InitializeUserDetailsManagerConfigurer : Global AuthenticationManager configured with an AuthenticationProvider bean. UserDetailsService beans will not be used by Spring Security for automatically configuring username/password login. Consider removing the AuthenticationProvider bean. Alternatively, consider using the UserDetailsService in a manually instantiated DaoAuthenticationProvider. If the current configuration is intentional, to turn off this warning, increase the logging level of 'org.springframework.security.config.annotation.authentication.configuration.InitializeUserDetailsBeanManagerConfigurer' to ERROR
2025-03-16T23:28:45.152+02:00  INFO 17016 --- [ot_services] [           main] o.s.b.a.w.s.WelcomePageHandlerMapping    : Adding welcome page: class path resource [static/index.html]
2025-03-16T23:28:49.796+02:00  INFO 17016 --- [ot_services] [           main] c.n.o.OtServicesApplicationTests         : Started OtServicesApplicationTests in 11.017 seconds (process running for 13.834)
]]></system-out>
  </testcase>
</testsuite>